#
# A fatal error has been detected by the Java Runtime Environment:
#
#  EXCEPTION_ACCESS_VIOLATION (0xc0000005) at pc=0x00007ffcd630d48a, pid=7144, tid=12328
#
# JRE version: Java(TM) SE Runtime Environment (22.0.2+9) (build 22.0.2+9-70)
# Java VM: Java HotSpot(TM) 64-Bit Server VM (22.0.2+9-70, mixed mode, sharing, tiered, compressed oops, compressed class ptrs, g1 gc, windows-amd64)
# Problematic frame:
# C  [lwjgl_opengl.dll+0xd48a]
#
# No core dump will be written. Minidumps are not enabled by default on client versions of Windows
#
# If you would like to submit a bug report, please visit:
#   https://bugreport.java.com/bugreport/crash.jsp
# The crash happened outside the Java Virtual Machine in native code.
# See problematic frame for where to report the bug.
#

---------------  S U M M A R Y ------------

Command Line: -Dfile.encoding=UTF-8 -Duser.country=EC -Duser.language=es -Duser.variant com.programacion.EjemploMain

Host: Intel(R) Core(TM) i7-7700 CPU @ 3.60GHz, 8 cores, 15G,  Windows 10 , 64 bit Build 19041 (10.0.19041.4957)
Time: Fri Nov  8 09:56:03 2024 Hora est. Pacífico, Sudamérica elapsed time: 0.304311 seconds (0d 0h 0m 0s)

---------------  T H R E A D  ---------------

Current thread (0x000002ec2d1018e0):  JavaThread "main"             [_thread_in_native, id=12328, stack(0x000000f92b800000,0x000000f92b900000) (1024K)]

Stack: [0x000000f92b800000,0x000000f92b900000],  sp=0x000000f92b8ff1a8,  free space=1020k
Native frames: (J=compiled Java code, j=interpreted, Vv=VM code, C=native code)
C  [lwjgl_opengl.dll+0xd48a]  (no source info available)

Java frames: (J=compiled Java code, j=interpreted, Vv=VM code)
j  org.lwjgl.opengl.GL11C.nglGetString(I)J+0
j  org.lwjgl.opengl.GL11C.glGetString(I)Ljava/lang/String;+1
j  org.lwjgl.opengl.GL11.glGetString(I)Ljava/lang/String;+1
j  com.programacion.EjemploMain.main([Ljava/lang/String;)V+3
v  ~StubRoutines::call_stub 0x000002ec3ea7100d

siginfo: EXCEPTION_ACCESS_VIOLATION (0xc0000005), reading address 0x0000000000000378


Registers:
RAX=0x0000000000000000, RBX=0x000002ec904b4dd8, RCX=0x0000000000001f02, RDX=0x000000f92b8ff238
RSP=0x000000f92b8ff1a8, RBP=0x000000f92b8ff228, RSI=0x000000f92b8ff690, RDI=0x000000f92b8ff698
R8 =0x0000000000001f02, R9 =0x0000000000000002, R10=0x000002ec3ea7cf98, R11=0x0000000710f8e420
R12=0x0000000000000000, R13=0x000002ec904b4dd8, R14=0x000000f92b8ff248, R15=0x000002ec2d1018e0
RIP=0x00007ffcd630d48a, EFLAGS=0x0000000000010206


Register to memory mapping:

RAX=0x0 is null
RBX={method} {0x000002ec904b4de0} 'nglGetString' '(I)J' in 'org/lwjgl/opengl/GL11C'
RCX=0x0000000000001f02 is an unknown value
RDX=0x000000f92b8ff238 is pointing into the stack for thread: 0x000002ec2d1018e0
RSP=0x000000f92b8ff1a8 is pointing into the stack for thread: 0x000002ec2d1018e0
RBP=0x000000f92b8ff228 is pointing into the stack for thread: 0x000002ec2d1018e0
RSI=0x000000f92b8ff690 is pointing into the stack for thread: 0x000002ec2d1018e0
RDI=0x000000f92b8ff698 is pointing into the stack for thread: 0x000002ec2d1018e0
R8 =0x0000000000001f02 is an unknown value
R9 =0x0000000000000002 is an unknown value
R10=0x000002ec3ea7cf98 is at code_begin+1016 in an Interpreter codelet
native method entry point (kind = native)  [0x000002ec3ea7cba0, 0x000002ec3ea7d6c0]  2848 bytes
R11=0x0000000710f8e420 is an oop: java.lang.Class 
{0x0000000710f8e420} - klass: 'java/lang/Class'
 - ---- fields (total size 116 words):
 - private volatile transient 'classRedefinedCount' 'I' @12  0 (0x00000000)
 - injected 'klass' 'J' @16  3213977799328 (0x000002ec50014aa0)
 - injected 'array_klass' 'J' @24  0 (0x0000000000000000)
 - injected 'oop_size' 'I' @32  116 (0x00000074)
 - injected 'static_oop_field_count' 'I' @36  0 (0x00000000)
 - private volatile transient 'cachedConstructor' 'Ljava/lang/reflect/Constructor;' @40  null (0x00000000)
 - private transient 'name' 'Ljava/lang/String;' @44  "org.lwjgl.opengl.GL11C"{0x0000000710f8e7c0} (0xe21f1cf8)
 - private transient 'module' 'Ljava/lang/Module;' @48  a 'java/lang/Module'{0x0000000711263380} (0xe224c670)
 - private final 'classLoader' 'Ljava/lang/ClassLoader;' @52  a 'jdk/internal/loader/ClassLoaders$AppClassLoader'{0x00000007112631c0} (0xe224c638)
 - private transient 'classData' 'Ljava/lang/Object;' @56  null (0x00000000)
 - private transient 'packageName' 'Ljava/lang/String;' @60  "org.lwjgl.opengl"{0x0000000711030558} (0xe22060ab)
 - private final 'componentType' 'Ljava/lang/Class;' @64  null (0x00000000)
 - private volatile transient 'reflectionData' 'Ljava/lang/ref/SoftReference;' @68  null (0x00000000)
 - private volatile transient 'genericInfo' 'Lsun/reflect/generics/repository/ClassRepository;' @72  null (0x00000000)
 - private volatile transient 'enumConstants' '[Ljava/lang/Object;' @76  null (0x00000000)
 - private volatile transient 'enumConstantDirectory' 'Ljava/util/Map;' @80  null (0x00000000)
 - private volatile transient 'annotationData' 'Ljava/lang/Class$AnnotationData;' @84  null (0x00000000)
 - private volatile transient 'annotationType' 'Lsun/reflect/annotation/AnnotationType;' @88  null (0x00000000)
 - transient 'classValueMap' 'Ljava/lang/ClassValue$ClassValueMap;' @92  null (0x00000000)
 - injected 'protection_domain' 'Ljava/lang/Object;' @96  a 'java/security/ProtectionDomain'{0x0000000711070398} (0xe220e073)
 - injected 'signers_name' 'Ljava/lang/Object;' @100  null (0x00000000)
 - injected 'source_file' 'Ljava/lang/Object;' @104  null (0x00000000)
 - signature: Lorg/lwjgl/opengl/GL11C;
 - ---- static fields (0):
 - public static final 'GL_NEVER' 'I' @112  512 (0x00000200)
 - public static final 'GL_LESS' 'I' @116  513 (0x00000201)
 - public static final 'GL_EQUAL' 'I' @120  514 (0x00000202)
 - public static final 'GL_LEQUAL' 'I' @124  515 (0x00000203)
 - public static final 'GL_GREATER' 'I' @128  516 (0x00000204)
 - public static final 'GL_NOTEQUAL' 'I' @132  517 (0x00000205)
 - public static final 'GL_GEQUAL' 'I' @136  518 (0x00000206)
 - public static final 'GL_ALWAYS' 'I' @140  519 (0x00000207)
 - public static final 'GL_DEPTH_BUFFER_BIT' 'I' @144  256 (0x00000100)
 - public static final 'GL_STENCIL_BUFFER_BIT' 'I' @148  1024 (0x00000400)
 - public static final 'GL_COLOR_BUFFER_BIT' 'I' @152  16384 (0x00004000)
 - public static final 'GL_POINTS' 'I' @156  0 (0x00000000)
 - public static final 'GL_LINES' 'I' @160  1 (0x00000001)
 - public static final 'GL_LINE_LOOP' 'I' @164  2 (0x00000002)
 - public static final 'GL_LINE_STRIP' 'I' @168  3 (0x00000003)
 - public static final 'GL_TRIANGLES' 'I' @172  4 (0x00000004)
 - public static final 'GL_TRIANGLE_STRIP' 'I' @176  5 (0x00000005)
 - public static final 'GL_TRIANGLE_FAN' 'I' @180  6 (0x00000006)
 - public static final 'GL_QUADS' 'I' @184  7 (0x00000007)
 - public static final 'GL_ZERO' 'I' @188  0 (0x00000000)
 - public static final 'GL_ONE' 'I' @192  1 (0x00000001)
 - public static final 'GL_SRC_COLOR' 'I' @196  768 (0x00000300)
 - public static final 'GL_ONE_MINUS_SRC_COLOR' 'I' @200  769 (0x00000301)
 - public static final 'GL_SRC_ALPHA' 'I' @204  770 (0x00000302)
 - public static final 'GL_ONE_MINUS_SRC_ALPHA' 'I' @208  771 (0x00000303)
 - public static final 'GL_DST_ALPHA' 'I' @212  772 (0x00000304)
 - public static final 'GL_ONE_MINUS_DST_ALPHA' 'I' @216  773 (0x00000305)
 - public static final 'GL_DST_COLOR' 'I' @220  774 (0x00000306)
 - public static final 'GL_ONE_MINUS_DST_COLOR' 'I' @224  775 (0x00000307)
 - public static final 'GL_SRC_ALPHA_SATURATE' 'I' @228  776 (0x00000308)
 - public static final 'GL_TRUE' 'I' @232  1 (0x00000001)
 - public static final 'GL_FALSE' 'I' @236  0 (0x00000000)
 - public static final 'GL_BYTE' 'I' @240  5120 (0x00001400)
 - public static final 'GL_UNSIGNED_BYTE' 'I' @244  5121 (0x00001401)
 - public static final 'GL_SHORT' 'I' @248  5122 (0x00001402)
 - public static final 'GL_UNSIGNED_SHORT' 'I' @252  5123 (0x00001403)
 - public static final 'GL_INT' 'I' @256  5124 (0x00001404)
 - public static final 'GL_UNSIGNED_INT' 'I' @260  5125 (0x00001405)
 - public static final 'GL_FLOAT' 'I' @264  5126 (0x00001406)
 - public static final 'GL_DOUBLE' 'I' @268  5130 (0x0000140a)
 - public static final 'GL_NONE' 'I' @272  0 (0x00000000)
 - public static final 'GL_FRONT_LEFT' 'I' @276  1024 (0x00000400)
 - public static final 'GL_FRONT_RIGHT' 'I' @280  1025 (0x00000401)
 - public static final 'GL_BACK_LEFT' 'I' @284  1026 (0x00000402)
 - public static final 'GL_BACK_RIGHT' 'I' @288  1027 (0x00000403)
 - public static final 'GL_FRONT' 'I' @292  1028 (0x00000404)
 - public static final 'GL_BACK' 'I' @296  1029 (0x00000405)
 - public static final 'GL_LEFT' 'I' @300  1030 (0x00000406)
 - public static final 'GL_RIGHT' 'I' @304  1031 (0x00000407)
 - public static final 'GL_FRONT_AND_BACK' 'I' @308  1032 (0x00000408)
 - public static final 'GL_NO_ERROR' 'I' @312  0 (0x00000000)
 - public static final 'GL_INVALID_ENUM' 'I' @316  1280 (0x00000500)
 - public static final 'GL_INVALID_VALUE' 'I' @320  1281 (0x00000501)
 - public static final 'GL_INVALID_OPERATION' 'I' @324  1282 (0x00000502)
 - public static final 'GL_STACK_OVERFLOW' 'I' @328  1283 (0x00000503)
 - public static final 'GL_STACK_UNDERFLOW' 'I' @332  1284 (0x00000504)
 - public static final 'GL_OUT_OF_MEMORY' 'I' @336  1285 (0x00000505)
 - public static final 'GL_CW' 'I' @340  2304 (0x00000900)
 - public static final 'GL_CCW' 'I' @344  2305 (0x00000901)
 - public static final 'GL_POINT_SIZE' 'I' @348  2833 (0x00000b11)
 - public static final 'GL_POINT_SIZE_RANGE' 'I' @352  2834 (0x00000b12)
 - public static final 'GL_POINT_SIZE_GRANULARITY' 'I' @356  2835 (0x00000b13)
 - public static final 'GL_LINE_SMOOTH' 'I' @360  2848 (0x00000b20)
 - public static final 'GL_LINE_WIDTH' 'I' @364  2849 (0x00000b21)
 - public static final 'GL_LINE_WIDTH_RANGE' 'I' @368  2850 (0x00000b22)
 - public static final 'GL_LINE_WIDTH_GRANULARITY' 'I' @372  2851 (0x00000b23)
 - public static final 'GL_POLYGON_MODE' 'I' @376  2880 (0x00000b40)
 - public static final 'GL_POLYGON_SMOOTH' 'I' @380  2881 (0x00000b41)
 - public static final 'GL_CULL_FACE' 'I' @384  2884 (0x00000b44)
 - public static final 'GL_CULL_FACE_MODE' 'I' @388  2885 (0x00000b45)
 - public static final 'GL_FRONT_FACE' 'I' @392  2886 (0x00000b46)
 - public static final 'GL_DEPTH_RANGE' 'I' @396  2928 (0x00000b70)
 - public static final 'GL_DEPTH_TEST' 'I' @400  2929 (0x00000b71)
 - public static final 'GL_DEPTH_WRITEMASK' 'I' @404  2930 (0x00000b72)
 - public static final 'GL_DEPTH_CLEAR_VALUE' 'I' @408  2931 (0x00000b73)
 - public static final 'GL_DEPTH_FUNC' 'I' @412  2932 (0x00000b74)
 - public static final 'GL_STENCIL_TEST' 'I' @416  2960 (0x00000b90)
 - public static final 'GL_STENCIL_CLEAR_VALUE' 'I' @420  2961 (0x00000b91)
 - public static final 'GL_STENCIL_FUNC' 'I' @424  2962 (0x00000b92)
 - public static final 'GL_STENCIL_VALUE_MASK' 'I' @428  2963 (0x00000b93)
 - public static final 'GL_STENCIL_FAIL' 'I' @432  2964 (0x00000b94)
 - public static final 'GL_STENCIL_PASS_DEPTH_FAIL' 'I' @436  2965 (0x00000b95)
 - public static final 'GL_STENCIL_PASS_DEPTH_PASS' 'I' @440  2966 (0x00000b96)
 - public static final 'GL_STENCIL_REF' 'I' @444  2967 (0x00000b97)
 - public static final 'GL_STENCIL_WRITEMASK' 'I' @448  2968 (0x00000b98)
 - public static final 'GL_VIEWPORT' 'I' @452  2978 (0x00000ba2)
 - public static final 'GL_DITHER' 'I' @456  3024 (0x00000bd0)
 - public static final 'GL_BLEND_DST' 'I' @460  3040 (0x00000be0)
 - public static final 'GL_BLEND_SRC' 'I' @464  3041 (0x00000be1)
 - public static final 'GL_BLEND' 'I' @468  3042 (0x00000be2)
 - public static final 'GL_LOGIC_OP_MODE' 'I' @472  3056 (0x00000bf0)
 - public static final 'GL_COLOR_LOGIC_OP' 'I' @476  3058 (0x00000bf2)
 - public static final 'GL_DRAW_BUFFER' 'I' @480  3073 (0x00000c01)
 - public static final 'GL_READ_BUFFER' 'I' @484  3074 (0x00000c02)
 - public static final 'GL_SCISSOR_BOX' 'I' @488  3088 (0x00000c10)
 - public static final 'GL_SCISSOR_TEST' 'I' @492  3089 (0x00000c11)
 - public static final 'GL_COLOR_CLEAR_VALUE' 'I' @496  3106 (0x00000c22)
 - public static final 'GL_COLOR_WRITEMASK' 'I' @500  3107 (0x00000c23)
 - public static final 'GL_DOUBLEBUFFER' 'I' @504  3122 (0x00000c32)
 - public static final 'GL_STEREO' 'I' @508  3123 (0x00000c33)
 - public static final 'GL_LINE_SMOOTH_HINT' 'I' @512  3154 (0x00000c52)
 - public static final 'GL_POLYGON_SMOOTH_HINT' 'I' @516  3155 (0x00000c53)
 - public static final 'GL_UNPACK_SWAP_BYTES' 'I' @520  3312 (0x00000cf0)
 - public static final 'GL_UNPACK_LSB_FIRST' 'I' @524  3313 (0x00000cf1)
 - public static final 'GL_UNPACK_ROW_LENGTH' 'I' @528  3314 (0x00000cf2)
 - public static final 'GL_UNPACK_SKIP_ROWS' 'I' @532  3315 (0x00000cf3)
 - public static final 'GL_UNPACK_SKIP_PIXELS' 'I' @536  3316 (0x00000cf4)
 - public static final 'GL_UNPACK_ALIGNMENT' 'I' @540  3317 (0x00000cf5)
 - public static final 'GL_PACK_SWAP_BYTES' 'I' @544  3328 (0x00000d00)
 - public static final 'GL_PACK_LSB_FIRST' 'I' @548  3329 (0x00000d01)
 - public static final 'GL_PACK_ROW_LENGTH' 'I' @552  3330 (0x00000d02)
 - public static final 'GL_PACK_SKIP_ROWS' 'I' @556  3331 (0x00000d03)
 - public static final 'GL_PACK_SKIP_PIXELS' 'I' @560  3332 (0x00000d04)
 - public static final 'GL_PACK_ALIGNMENT' 'I' @564  3333 (0x00000d05)
 - public static final 'GL_MAX_TEXTURE_SIZE' 'I' @568  3379 (0x00000d33)
 - public static final 'GL_MAX_VIEWPORT_DIMS' 'I' @572  3386 (0x00000d3a)
 - public static final 'GL_SUBPIXEL_BITS' 'I' @576  3408 (0x00000d50)
 - public static final 'GL_TEXTURE_1D' 'I' @580  3552 (0x00000de0)
 - public static final 'GL_TEXTURE_2D' 'I' @584  3553 (0x00000de1)
 - public static final 'GL_TEXTURE_WIDTH' 'I' @588  4096 (0x00001000)
 - public static final 'GL_TEXTURE_HEIGHT' 'I' @592  4097 (0x00001001)
 - public static final 'GL_TEXTURE_INTERNAL_FORMAT' 'I' @596  4099 (0x00001003)
 - public static final 'GL_TEXTURE_BORDER_COLOR' 'I' @600  4100 (0x00001004)
 - public static final 'GL_DONT_CARE' 'I' @604  4352 (0x00001100)
 - public static final 'GL_FASTEST' 'I' @608  4353 (0x00001101)
 - public static final 'GL_NICEST' 'I' @612  4354 (0x00001102)
 - public static final 'GL_CLEAR' 'I' @616  5376 (0x00001500)
 - public static final 'GL_AND' 'I' @620  5377 (0x00001501)
 - public static final 'GL_AND_REVERSE' 'I' @624  5378 (0x00001502)
 - public static final 'GL_COPY' 'I' @628  5379 (0x00001503)
 - public static final 'GL_AND_INVERTED' 'I' @632  5380 (0x00001504)
 - public static final 'GL_NOOP' 'I' @636  5381 (0x00001505)
 - public static final 'GL_XOR' 'I' @640  5382 (0x00001506)
 - public static final 'GL_OR' 'I' @644  5383 (0x00001507)
 - public static final 'GL_NOR' 'I' @648  5384 (0x00001508)
 - public static final 'GL_EQUIV' 'I' @652  5385 (0x00001509)
 - public static final 'GL_INVERT' 'I' @656  5386 (0x0000150a)
 - public static final 'GL_OR_REVERSE' 'I' @660  5387 (0x0000150b)
 - public static final 'GL_COPY_INVERTED' 'I' @664  5388 (0x0000150c)
 - public static final 'GL_OR_INVERTED' 'I' @668  5389 (0x0000150d)
 - public static final 'GL_NAND' 'I' @672  5390 (0x0000150e)
 - public static final 'GL_SET' 'I' @676  5391 (0x0000150f)
 - public static final 'GL_TEXTURE' 'I' @680  5890 (0x00001702)
 - public static final 'GL_COLOR' 'I' @684  6144 (0x00001800)
 - public static final 'GL_DEPTH' 'I' @688  6145 (0x00001801)
 - public static final 'GL_STENCIL' 'I' @692  6146 (0x00001802)
 - public static final 'GL_STENCIL_INDEX' 'I' @696  6401 (0x00001901)
 - public static final 'GL_DEPTH_COMPONENT' 'I' @700  6402 (0x00001902)
 - public static final 'GL_RED' 'I' @704  6403 (0x00001903)
 - public static final 'GL_GREEN' 'I' @708  6404 (0x00001904)
 - public static final 'GL_BLUE' 'I' @712  6405 (0x00001905)
 - public static final 'GL_ALPHA' 'I' @716  6406 (0x00001906)
 - public static final 'GL_RGB' 'I' @720  6407 (0x00001907)
 - public static final 'GL_RGBA' 'I' @724  6408 (0x00001908)
 - public static final 'GL_POINT' 'I' @728  6912 (0x00001b00)
 - public static final 'GL_LINE' 'I' @732  6913 (0x00001b01)
 - public static final 'GL_FILL' 'I' @736  6914 (0x00001b02)
 - public static final 'GL_KEEP' 'I' @740  7680 (0x00001e00)
 - public static final 'GL_REPLACE' 'I' @744  7681 (0x00001e01)
 - public static final 'GL_INCR' 'I' @748  7682 (0x00001e02)
 - public static final 'GL_DECR' 'I' @752  7683 (0x00001e03)
 - public static final 'GL_VENDOR' 'I' @756  7936 (0x00001f00)
 - public static final 'GL_RENDERER' 'I' @760  7937 (0x00001f01)
 - public static final 'GL_VERSION' 'I' @764  7938 (0x00001f02)
 - public static final 'GL_EXTENSIONS' 'I' @768  7939 (0x00001f03)
 - public static final 'GL_NEAREST' 'I' @772  9728 (0x00002600)
 - public static final 'GL_LINEAR' 'I' @776  9729 (0x00002601)
 - public static final 'GL_NEAREST_MIPMAP_NEAREST' 'I' @780  9984 (0x00002700)
 - public static final 'GL_LINEAR_MIPMAP_NEAREST' 'I' @784  9985 (0x00002701)
 - public static final 'GL_NEAREST_MIPMAP_LINEAR' 'I' @788  9986 (0x00002702)
 - public static final 'GL_LINEAR_MIPMAP_LINEAR' 'I' @792  9987 (0x00002703)
 - public static final 'GL_TEXTURE_MAG_FILTER' 'I' @796  10240 (0x00002800)
 - public static final 'GL_TEXTURE_MIN_FILTER' 'I' @800  10241 (0x00002801)
 - public static final 'GL_TEXTURE_WRAP_S' 'I' @804  10242 (0x00002802)
 - public static final 'GL_TEXTURE_WRAP_T' 'I' @808  10243 (0x00002803)
 - public static final 'GL_REPEAT' 'I' @812  10497 (0x00002901)
 - public static final 'GL_POLYGON_OFFSET_FACTOR' 'I' @816  32824 (0x00008038)
 - public static final 'GL_POLYGON_OFFSET_UNITS' 'I' @820  10752 (0x00002a00)
 - public static final 'GL_POLYGON_OFFSET_POINT' 'I' @824  10753 (0x00002a01)
 - public static final 'GL_POLYGON_OFFSET_LINE' 'I' @828  10754 (0x00002a02)
 - public static final 'GL_POLYGON_OFFSET_FILL' 'I' @832  32823 (0x00008037)
 - public static final 'GL_R3_G3_B2' 'I' @836  10768 (0x00002a10)
 - public static final 'GL_RGB4' 'I' @840  32847 (0x0000804f)
 - public static final 'GL_RGB5' 'I' @844  32848 (0x00008050)
 - public static final 'GL_RGB8' 'I' @848  32849 (0x00008051)
 - public static final 'GL_RGB10' 'I' @852  32850 (0x00008052)
 - public static final 'GL_RGB12' 'I' @856  32851 (0x00008053)
 - public static final 'GL_RGB16' 'I' @860  32852 (0x00008054)
 - public static final 'GL_RGBA2' 'I' @864  32853 (0x00008055)
 - public static final 'GL_RGBA4' 'I' @868  32854 (0x00008056)
 - public static final 'GL_RGB5_A1' 'I' @872  32855 (0x00008057)
 - public static final 'GL_RGBA8' 'I' @876  32856 (0x00008058)
 - public static final 'GL_RGB10_A2' 'I' @880  32857 (0x00008059)
 - public static final 'GL_RGBA12' 'I' @884  32858 (0x0000805a)
 - public static final 'GL_RGBA16' 'I' @888  32859 (0x0000805b)
 - public static final 'GL_TEXTURE_RED_SIZE' 'I' @892  32860 (0x0000805c)
 - public static final 'GL_TEXTURE_GREEN_SIZE' 'I' @896  32861 (0x0000805d)
 - public static final 'GL_TEXTURE_BLUE_SIZE' 'I' @900  32862 (0x0000805e)
 - public static final 'GL_TEXTURE_ALPHA_SIZE' 'I' @904  32863 (0x0000805f)
 - public static final 'GL_PROXY_TEXTURE_1D' 'I' @908  32867 (0x00008063)
 - public static final 'GL_PROXY_TEXTURE_2D' 'I' @912  32868 (0x00008064)
 - public static final 'GL_TEXTURE_BINDING_1D' 'I' @916  32872 (0x00008068)
 - public static final 'GL_TEXTURE_BINDING_2D' 'I' @920  32873 (0x00008069)
 - public static final 'GL_VERTEX_ARRAY' 'I' @924  32884 (0x00008074)
R12=0x0 is null
R13={method} {0x000002ec904b4de0} 'nglGetString' '(I)J' in 'org/lwjgl/opengl/GL11C'
R14=0x000000f92b8ff248 is pointing into the stack for thread: 0x000002ec2d1018e0
R15=0x000002ec2d1018e0 is a thread

Top of Stack: (sp=0x000000f92b8ff1a8)
0x000000f92b8ff1a8:   000002ec3ea7cfc7 000002ec904b4dd8
0x000000f92b8ff1b8:   000000f92b8ff690 000000f92b8ff690
0x000000f92b8ff1c8:   000000f92b8ff698 000002ec904b4eb8
0x000000f92b8ff1d8:   000002ec3ea7cc5b fffffffffffffff7
0x000000f92b8ff1e8:   000002ec904b4dd8 0000000000000004
0x000000f92b8ff1f8:   000002ec904beb48 0000000000000000
0x000000f92b8ff208:   0000000710f8e420 000002ec904b4dd8
0x000000f92b8ff218:   0000000000000000 000000f92b8ff248
0x000000f92b8ff228:   000000f92b8ff298 000002ec3ea789b6
0x000000f92b8ff238:   0000000710f8e420 000002ec3ea7a516
0x000000f92b8ff248:   0000000000001f02 fffffffffffffff7
0x000000f92b8ff258:   000002ec904b4e79 0000000000000004
0x000000f92b8ff268:   000002ec904beb48 0000000000000000
0x000000f92b8ff278:   0000000710f8e420 000002ec904b4eb8
0x000000f92b8ff288:   fffffffffffffff6 000000f92b8ff2b8
0x000000f92b8ff298:   000000f92b8ff308 000002ec3ea78a5a
0x000000f92b8ff2a8:   0000000000000000 0000000000000000
0x000000f92b8ff2b8:   0000000000001f02 fffffffffffffff7
0x000000f92b8ff2c8:   000002ec90412c01 0000000000000002
0x000000f92b8ff2d8:   000002ec9043a0d8 0000000000000000
0x000000f92b8ff2e8:   0000000711070608 000002ec90412c28
0x000000f92b8ff2f8:   fffffffffffffff6 000000f92b8ff318
0x000000f92b8ff308:   000000f92b8ff368 000002ec3ea78a5a
0x000000f92b8ff318:   0000000000001f02 fffffffffffffff7
0x000000f92b8ff328:   000002ec904002e3 0000000000000003
0x000000f92b8ff338:   000002ec904003f0 0000000000000000
0x000000f92b8ff348:   0000000711003d18 000002ec90400310
0x000000f92b8ff358:   fffffffffffffff6 000000f92b8ff380
0x000000f92b8ff368:   000000f92b8ff460 000002ec3ea7100d
0x000000f92b8ff378:   0000000000000000 0000000711004398
0x000000f92b8ff388:   0000000000000000 0000000000000000
0x000000f92b8ff398:   0000000000000000 0000000000000000 

Instructions: (pc=0x00007ffcd630d48a)
0x00007ffcd630d38a:   cc cc cc cc cc cc 4c 89 ca 48 8b 01 48 8b 40 18
0x00007ffcd630d39a:   48 8b 80 d8 02 00 00 44 89 c1 48 ff e0 cc cc cc
0x00007ffcd630d3aa:   cc cc cc cc cc cc 4c 89 ca 48 8b 01 48 8b 40 18
0x00007ffcd630d3ba:   48 8b 80 e0 02 00 00 44 89 c1 48 ff e0 cc cc cc
0x00007ffcd630d3ca:   cc cc cc cc cc cc 4c 89 ca 48 8b 01 48 8b 40 18
0x00007ffcd630d3da:   48 8b 80 f0 02 00 00 44 89 c1 48 ff e0 cc cc cc
0x00007ffcd630d3ea:   cc cc cc cc cc cc 4c 89 ca 48 8b 01 48 8b 40 18
0x00007ffcd630d3fa:   48 8b 80 f8 02 00 00 44 89 c1 48 ff e0 cc cc cc
0x00007ffcd630d40a:   cc cc cc cc cc cc 4c 89 ca 48 8b 01 48 8b 40 18
0x00007ffcd630d41a:   48 8b 80 00 03 00 00 44 89 c1 48 ff e0 cc cc cc
0x00007ffcd630d42a:   cc cc cc cc cc cc 4c 89 ca 48 8b 01 48 8b 40 18
0x00007ffcd630d43a:   48 8b 80 08 03 00 00 44 89 c1 48 ff e0 cc cc cc
0x00007ffcd630d44a:   cc cc cc cc cc cc 48 8b 01 48 8b 40 18 48 ff a0
0x00007ffcd630d45a:   10 03 00 00 cc cc 4c 89 ca 48 8b 01 48 8b 40 18
0x00007ffcd630d46a:   48 8b 80 68 03 00 00 44 89 c1 48 ff e0 cc cc cc
0x00007ffcd630d47a:   cc cc cc cc cc cc 48 8b 01 48 8b 40 18 44 89 c1
0x00007ffcd630d48a:   48 ff a0 78 03 00 00 cc cc cc cc cc cc cc cc cc
0x00007ffcd630d49a:   cc cc cc cc cc cc 48 83 ec 28 44 89 ca 44 89 c0
0x00007ffcd630d4aa:   44 8b 44 24 50 44 8b 4c 24 58 4c 8b 54 24 60 48
0x00007ffcd630d4ba:   8b 09 4c 8b 59 18 4c 89 54 24 20 89 c1 41 ff 93
0x00007ffcd630d4ca:   a8 03 00 00 90 48 83 c4 28 c3 cc cc cc cc cc cc
0x00007ffcd630d4da:   cc cc cc cc cc cc 44 89 ca 44 89 c0 44 8b 44 24
0x00007ffcd630d4ea:   28 4c 8b 4c 24 30 48 8b 09 48 8b 49 18 4c 8b 91
0x00007ffcd630d4fa:   b0 03 00 00 89 c1 49 ff e2 cc cc cc cc cc cc cc
0x00007ffcd630d50a:   cc cc cc cc cc cc 44 89 ca 44 89 c0 44 8b 44 24
0x00007ffcd630d51a:   28 4c 8b 4c 24 30 48 8b 09 48 8b 49 18 4c 8b 91
0x00007ffcd630d52a:   b8 03 00 00 89 c1 49 ff e2 cc cc cc cc cc cc cc
0x00007ffcd630d53a:   cc cc cc cc cc cc 44 89 ca 44 89 c0 4c 8b 44 24
0x00007ffcd630d54a:   28 48 8b 09 48 8b 49 18 4c 8b 89 c0 03 00 00 89
0x00007ffcd630d55a:   c1 49 ff e1 cc cc 44 89 ca 44 89 c0 4c 8b 44 24
0x00007ffcd630d56a:   28 48 8b 09 48 8b 49 18 4c 8b 89 c8 03 00 00 89
0x00007ffcd630d57a:   c1 49 ff e1 cc cc 44 89 ca 48 8b 01 48 8b 40 18 


Stack slot to memory mapping:

stack at sp + 0 slots: 0x000002ec3ea7cfc7 is at code_begin+1063 in an Interpreter codelet
native method entry point (kind = native)  [0x000002ec3ea7cba0, 0x000002ec3ea7d6c0]  2848 bytes
stack at sp + 1 slots: {method} {0x000002ec904b4de0} 'nglGetString' '(I)J' in 'org/lwjgl/opengl/GL11C'
stack at sp + 2 slots: 0x000000f92b8ff690 is pointing into the stack for thread: 0x000002ec2d1018e0
stack at sp + 3 slots: 0x000000f92b8ff690 is pointing into the stack for thread: 0x000002ec2d1018e0
stack at sp + 4 slots: 0x000000f92b8ff698 is pointing into the stack for thread: 0x000002ec2d1018e0
stack at sp + 5 slots: {method} {0x000002ec904b4ec0} 'glGetString' '(I)Ljava/lang/String;' in 'org/lwjgl/opengl/GL11C'
stack at sp + 6 slots: 0x000002ec3ea7cc5b is at code_begin+187 in an Interpreter codelet
native method entry point (kind = native)  [0x000002ec3ea7cba0, 0x000002ec3ea7d6c0]  2848 bytes
stack at sp + 7 slots: 0xfffffffffffffff7 is an unknown value


---------------  P R O C E S S  ---------------

Threads class SMR info:
_java_thread_list=0x000002ec4e678d00, length=12, elements={
0x000002ec2d1018e0, 0x000002ec4e25a050, 0x000002ec4e260190, 0x000002ec4e266420,
0x000002ec4e266e80, 0x000002ec4e2678e0, 0x000002ec4e26d850, 0x000002ec4e26ebf0,
0x000002ec4e26f6a0, 0x000002ec4e5245a0, 0x000002ec4e524c30, 0x000002ec4e7b2fd0
}

Java Threads: ( => current thread )
=>0x000002ec2d1018e0 JavaThread "main"                              [_thread_in_native, id=12328, stack(0x000000f92b800000,0x000000f92b900000) (1024K)]
  0x000002ec4e25a050 JavaThread "Reference Handler"          daemon [_thread_blocked, id=4100, stack(0x000000f92c000000,0x000000f92c100000) (1024K)]
  0x000002ec4e260190 JavaThread "Finalizer"                  daemon [_thread_blocked, id=13668, stack(0x000000f92c100000,0x000000f92c200000) (1024K)]
  0x000002ec4e266420 JavaThread "Signal Dispatcher"          daemon [_thread_blocked, id=14660, stack(0x000000f92c200000,0x000000f92c300000) (1024K)]
  0x000002ec4e266e80 JavaThread "Attach Listener"            daemon [_thread_blocked, id=12284, stack(0x000000f92c300000,0x000000f92c400000) (1024K)]
  0x000002ec4e2678e0 JavaThread "Service Thread"             daemon [_thread_blocked, id=15216, stack(0x000000f92c400000,0x000000f92c500000) (1024K)]
  0x000002ec4e26d850 JavaThread "Monitor Deflation Thread"   daemon [_thread_blocked, id=11144, stack(0x000000f92c500000,0x000000f92c600000) (1024K)]
  0x000002ec4e26ebf0 JavaThread "C2 CompilerThread0"         daemon [_thread_blocked, id=9236, stack(0x000000f92c600000,0x000000f92c700000) (1024K)]
  0x000002ec4e26f6a0 JavaThread "C1 CompilerThread0"         daemon [_thread_blocked, id=14616, stack(0x000000f92c700000,0x000000f92c800000) (1024K)]
  0x000002ec4e5245a0 JavaThread "Notification Thread"        daemon [_thread_blocked, id=9184, stack(0x000000f92c800000,0x000000f92c900000) (1024K)]
  0x000002ec4e524c30 JavaThread "Common-Cleaner"             daemon [_thread_blocked, id=11740, stack(0x000000f92c900000,0x000000f92ca00000) (1024K)]
  0x000002ec4e7b2fd0 JavaThread "C2 CompilerThread1"         daemon [_thread_blocked, id=3604, stack(0x000000f92ca00000,0x000000f92cb00000) (1024K)]
Total: 12

Other Threads:
  0x000002ec4e242040 VMThread "VM Thread"                           [id=12092, stack(0x000000f92bf00000,0x000000f92c000000) (1024K)]
  0x000002ec4e22aa70 WatcherThread "VM Periodic Task Thread"        [id=11912, stack(0x000000f92be00000,0x000000f92bf00000) (1024K)]
  0x000002ec2f24b470 WorkerThread "GC Thread#0"                     [id=6644, stack(0x000000f92b900000,0x000000f92ba00000) (1024K)]
  0x000002ec2f25c4d0 ConcurrentGCThread "G1 Main Marker"            [id=1764, stack(0x000000f92ba00000,0x000000f92bb00000) (1024K)]
  0x000002ec2f25d780 WorkerThread "G1 Conc#0"                       [id=15296, stack(0x000000f92bb00000,0x000000f92bc00000) (1024K)]
  0x000002ec4e0e89b0 ConcurrentGCThread "G1 Refine#0"               [id=15332, stack(0x000000f92bc00000,0x000000f92bd00000) (1024K)]
  0x000002ec4e0ed360 ConcurrentGCThread "G1 Service"                [id=8820, stack(0x000000f92bd00000,0x000000f92be00000) (1024K)]
Total: 7

Threads with active compile tasks:
Total: 0

VM state: not at safepoint (normal execution)

VM Mutex/Monitor currently owned by a thread: None

Heap address: 0x0000000701400000, size: 4076 MB, Compressed Oops mode: Zero based, Oop shift amount: 3

CDS archive(s) mapped at: [0x000002ec4f000000-0x000002ec4fc60000-0x000002ec4fc60000), size 12976128, SharedBaseAddress: 0x000002ec4f000000, ArchiveRelocationMode: 1.
Compressed class space mapped at: 0x000002ec50000000-0x000002ec90000000, reserved size: 1073741824
Narrow klass base: 0x000002ec4f000000, Narrow klass shift: 0, Narrow klass range: 0x41000000

GC Precious Log:
 CardTable entry size: 512
 Card Set container configuration: InlinePtr #cards 4 size 8 Array Of Cards #cards 16 size 48 Howl #buckets 8 coarsen threshold 3686 Howl Bitmap #cards 512 size 80 coarsen threshold 460 Card regions per heap region 1 cards per card region 4096
 CPUs: 8 total, 8 available
 Memory: 16296M
 Large Page Support: Disabled
 NUMA Support: Disabled
 Compressed Oops: Enabled (Zero based)
 Heap Region Size: 2M
 Heap Min Capacity: 8M
 Heap Initial Capacity: 256M
 Heap Max Capacity: 4076M
 Pre-touch: Disabled
 Parallel Workers: 8
 Concurrent Workers: 2
 Concurrent Refinement Workers: 8
 Periodic GC: Disabled

Heap:
 garbage-first heap   total reserved 4173824K, committed 262144K, used 4096K [0x0000000701400000, 0x0000000800000000)
  region size 2048K, 3 young (6144K), 0 survivors (0K)
 Metaspace       used 2187K, committed 2304K, reserved 1114112K
  class space    used 171K, committed 256K, reserved 1048576K

Heap Regions: E=young(eden), S=young(survivor), O=old, HS=humongous(starts), HC=humongous(continues), CS=collection set, F=free, TAMS=top-at-mark-start, PB=parsable bottom
|   0|0x0000000701400000, 0x0000000701400000, 0x0000000701600000|  0%| F|  |TAMS 0x0000000701400000| PB 0x0000000701400000| Untracked |  0
|   1|0x0000000701600000, 0x0000000701600000, 0x0000000701800000|  0%| F|  |TAMS 0x0000000701600000| PB 0x0000000701600000| Untracked |  0
|   2|0x0000000701800000, 0x0000000701800000, 0x0000000701a00000|  0%| F|  |TAMS 0x0000000701800000| PB 0x0000000701800000| Untracked |  0
|   3|0x0000000701a00000, 0x0000000701a00000, 0x0000000701c00000|  0%| F|  |TAMS 0x0000000701a00000| PB 0x0000000701a00000| Untracked |  0
|   4|0x0000000701c00000, 0x0000000701c00000, 0x0000000701e00000|  0%| F|  |TAMS 0x0000000701c00000| PB 0x0000000701c00000| Untracked |  0
|   5|0x0000000701e00000, 0x0000000701e00000, 0x0000000702000000|  0%| F|  |TAMS 0x0000000701e00000| PB 0x0000000701e00000| Untracked |  0
|   6|0x0000000702000000, 0x0000000702000000, 0x0000000702200000|  0%| F|  |TAMS 0x0000000702000000| PB 0x0000000702000000| Untracked |  0
|   7|0x0000000702200000, 0x0000000702200000, 0x0000000702400000|  0%| F|  |TAMS 0x0000000702200000| PB 0x0000000702200000| Untracked |  0
|   8|0x0000000702400000, 0x0000000702400000, 0x0000000702600000|  0%| F|  |TAMS 0x0000000702400000| PB 0x0000000702400000| Untracked |  0
|   9|0x0000000702600000, 0x0000000702600000, 0x0000000702800000|  0%| F|  |TAMS 0x0000000702600000| PB 0x0000000702600000| Untracked |  0
|  10|0x0000000702800000, 0x0000000702800000, 0x0000000702a00000|  0%| F|  |TAMS 0x0000000702800000| PB 0x0000000702800000| Untracked |  0
|  11|0x0000000702a00000, 0x0000000702a00000, 0x0000000702c00000|  0%| F|  |TAMS 0x0000000702a00000| PB 0x0000000702a00000| Untracked |  0
|  12|0x0000000702c00000, 0x0000000702c00000, 0x0000000702e00000|  0%| F|  |TAMS 0x0000000702c00000| PB 0x0000000702c00000| Untracked |  0
|  13|0x0000000702e00000, 0x0000000702e00000, 0x0000000703000000|  0%| F|  |TAMS 0x0000000702e00000| PB 0x0000000702e00000| Untracked |  0
|  14|0x0000000703000000, 0x0000000703000000, 0x0000000703200000|  0%| F|  |TAMS 0x0000000703000000| PB 0x0000000703000000| Untracked |  0
|  15|0x0000000703200000, 0x0000000703200000, 0x0000000703400000|  0%| F|  |TAMS 0x0000000703200000| PB 0x0000000703200000| Untracked |  0
|  16|0x0000000703400000, 0x0000000703400000, 0x0000000703600000|  0%| F|  |TAMS 0x0000000703400000| PB 0x0000000703400000| Untracked |  0
|  17|0x0000000703600000, 0x0000000703600000, 0x0000000703800000|  0%| F|  |TAMS 0x0000000703600000| PB 0x0000000703600000| Untracked |  0
|  18|0x0000000703800000, 0x0000000703800000, 0x0000000703a00000|  0%| F|  |TAMS 0x0000000703800000| PB 0x0000000703800000| Untracked |  0
|  19|0x0000000703a00000, 0x0000000703a00000, 0x0000000703c00000|  0%| F|  |TAMS 0x0000000703a00000| PB 0x0000000703a00000| Untracked |  0
|  20|0x0000000703c00000, 0x0000000703c00000, 0x0000000703e00000|  0%| F|  |TAMS 0x0000000703c00000| PB 0x0000000703c00000| Untracked |  0
|  21|0x0000000703e00000, 0x0000000703e00000, 0x0000000704000000|  0%| F|  |TAMS 0x0000000703e00000| PB 0x0000000703e00000| Untracked |  0
|  22|0x0000000704000000, 0x0000000704000000, 0x0000000704200000|  0%| F|  |TAMS 0x0000000704000000| PB 0x0000000704000000| Untracked |  0
|  23|0x0000000704200000, 0x0000000704200000, 0x0000000704400000|  0%| F|  |TAMS 0x0000000704200000| PB 0x0000000704200000| Untracked |  0
|  24|0x0000000704400000, 0x0000000704400000, 0x0000000704600000|  0%| F|  |TAMS 0x0000000704400000| PB 0x0000000704400000| Untracked |  0
|  25|0x0000000704600000, 0x0000000704600000, 0x0000000704800000|  0%| F|  |TAMS 0x0000000704600000| PB 0x0000000704600000| Untracked |  0
|  26|0x0000000704800000, 0x0000000704800000, 0x0000000704a00000|  0%| F|  |TAMS 0x0000000704800000| PB 0x0000000704800000| Untracked |  0
|  27|0x0000000704a00000, 0x0000000704a00000, 0x0000000704c00000|  0%| F|  |TAMS 0x0000000704a00000| PB 0x0000000704a00000| Untracked |  0
|  28|0x0000000704c00000, 0x0000000704c00000, 0x0000000704e00000|  0%| F|  |TAMS 0x0000000704c00000| PB 0x0000000704c00000| Untracked |  0
|  29|0x0000000704e00000, 0x0000000704e00000, 0x0000000705000000|  0%| F|  |TAMS 0x0000000704e00000| PB 0x0000000704e00000| Untracked |  0
|  30|0x0000000705000000, 0x0000000705000000, 0x0000000705200000|  0%| F|  |TAMS 0x0000000705000000| PB 0x0000000705000000| Untracked |  0
|  31|0x0000000705200000, 0x0000000705200000, 0x0000000705400000|  0%| F|  |TAMS 0x0000000705200000| PB 0x0000000705200000| Untracked |  0
|  32|0x0000000705400000, 0x0000000705400000, 0x0000000705600000|  0%| F|  |TAMS 0x0000000705400000| PB 0x0000000705400000| Untracked |  0
|  33|0x0000000705600000, 0x0000000705600000, 0x0000000705800000|  0%| F|  |TAMS 0x0000000705600000| PB 0x0000000705600000| Untracked |  0
|  34|0x0000000705800000, 0x0000000705800000, 0x0000000705a00000|  0%| F|  |TAMS 0x0000000705800000| PB 0x0000000705800000| Untracked |  0
|  35|0x0000000705a00000, 0x0000000705a00000, 0x0000000705c00000|  0%| F|  |TAMS 0x0000000705a00000| PB 0x0000000705a00000| Untracked |  0
|  36|0x0000000705c00000, 0x0000000705c00000, 0x0000000705e00000|  0%| F|  |TAMS 0x0000000705c00000| PB 0x0000000705c00000| Untracked |  0
|  37|0x0000000705e00000, 0x0000000705e00000, 0x0000000706000000|  0%| F|  |TAMS 0x0000000705e00000| PB 0x0000000705e00000| Untracked |  0
|  38|0x0000000706000000, 0x0000000706000000, 0x0000000706200000|  0%| F|  |TAMS 0x0000000706000000| PB 0x0000000706000000| Untracked |  0
|  39|0x0000000706200000, 0x0000000706200000, 0x0000000706400000|  0%| F|  |TAMS 0x0000000706200000| PB 0x0000000706200000| Untracked |  0
|  40|0x0000000706400000, 0x0000000706400000, 0x0000000706600000|  0%| F|  |TAMS 0x0000000706400000| PB 0x0000000706400000| Untracked |  0
|  41|0x0000000706600000, 0x0000000706600000, 0x0000000706800000|  0%| F|  |TAMS 0x0000000706600000| PB 0x0000000706600000| Untracked |  0
|  42|0x0000000706800000, 0x0000000706800000, 0x0000000706a00000|  0%| F|  |TAMS 0x0000000706800000| PB 0x0000000706800000| Untracked |  0
|  43|0x0000000706a00000, 0x0000000706a00000, 0x0000000706c00000|  0%| F|  |TAMS 0x0000000706a00000| PB 0x0000000706a00000| Untracked |  0
|  44|0x0000000706c00000, 0x0000000706c00000, 0x0000000706e00000|  0%| F|  |TAMS 0x0000000706c00000| PB 0x0000000706c00000| Untracked |  0
|  45|0x0000000706e00000, 0x0000000706e00000, 0x0000000707000000|  0%| F|  |TAMS 0x0000000706e00000| PB 0x0000000706e00000| Untracked |  0
|  46|0x0000000707000000, 0x0000000707000000, 0x0000000707200000|  0%| F|  |TAMS 0x0000000707000000| PB 0x0000000707000000| Untracked |  0
|  47|0x0000000707200000, 0x0000000707200000, 0x0000000707400000|  0%| F|  |TAMS 0x0000000707200000| PB 0x0000000707200000| Untracked |  0
|  48|0x0000000707400000, 0x0000000707400000, 0x0000000707600000|  0%| F|  |TAMS 0x0000000707400000| PB 0x0000000707400000| Untracked |  0
|  49|0x0000000707600000, 0x0000000707600000, 0x0000000707800000|  0%| F|  |TAMS 0x0000000707600000| PB 0x0000000707600000| Untracked |  0
|  50|0x0000000707800000, 0x0000000707800000, 0x0000000707a00000|  0%| F|  |TAMS 0x0000000707800000| PB 0x0000000707800000| Untracked |  0
|  51|0x0000000707a00000, 0x0000000707a00000, 0x0000000707c00000|  0%| F|  |TAMS 0x0000000707a00000| PB 0x0000000707a00000| Untracked |  0
|  52|0x0000000707c00000, 0x0000000707c00000, 0x0000000707e00000|  0%| F|  |TAMS 0x0000000707c00000| PB 0x0000000707c00000| Untracked |  0
|  53|0x0000000707e00000, 0x0000000707e00000, 0x0000000708000000|  0%| F|  |TAMS 0x0000000707e00000| PB 0x0000000707e00000| Untracked |  0
|  54|0x0000000708000000, 0x0000000708000000, 0x0000000708200000|  0%| F|  |TAMS 0x0000000708000000| PB 0x0000000708000000| Untracked |  0
|  55|0x0000000708200000, 0x0000000708200000, 0x0000000708400000|  0%| F|  |TAMS 0x0000000708200000| PB 0x0000000708200000| Untracked |  0
|  56|0x0000000708400000, 0x0000000708400000, 0x0000000708600000|  0%| F|  |TAMS 0x0000000708400000| PB 0x0000000708400000| Untracked |  0
|  57|0x0000000708600000, 0x0000000708600000, 0x0000000708800000|  0%| F|  |TAMS 0x0000000708600000| PB 0x0000000708600000| Untracked |  0
|  58|0x0000000708800000, 0x0000000708800000, 0x0000000708a00000|  0%| F|  |TAMS 0x0000000708800000| PB 0x0000000708800000| Untracked |  0
|  59|0x0000000708a00000, 0x0000000708a00000, 0x0000000708c00000|  0%| F|  |TAMS 0x0000000708a00000| PB 0x0000000708a00000| Untracked |  0
|  60|0x0000000708c00000, 0x0000000708c00000, 0x0000000708e00000|  0%| F|  |TAMS 0x0000000708c00000| PB 0x0000000708c00000| Untracked |  0
|  61|0x0000000708e00000, 0x0000000708e00000, 0x0000000709000000|  0%| F|  |TAMS 0x0000000708e00000| PB 0x0000000708e00000| Untracked |  0
|  62|0x0000000709000000, 0x0000000709000000, 0x0000000709200000|  0%| F|  |TAMS 0x0000000709000000| PB 0x0000000709000000| Untracked |  0
|  63|0x0000000709200000, 0x0000000709200000, 0x0000000709400000|  0%| F|  |TAMS 0x0000000709200000| PB 0x0000000709200000| Untracked |  0
|  64|0x0000000709400000, 0x0000000709400000, 0x0000000709600000|  0%| F|  |TAMS 0x0000000709400000| PB 0x0000000709400000| Untracked |  0
|  65|0x0000000709600000, 0x0000000709600000, 0x0000000709800000|  0%| F|  |TAMS 0x0000000709600000| PB 0x0000000709600000| Untracked |  0
|  66|0x0000000709800000, 0x0000000709800000, 0x0000000709a00000|  0%| F|  |TAMS 0x0000000709800000| PB 0x0000000709800000| Untracked |  0
|  67|0x0000000709a00000, 0x0000000709a00000, 0x0000000709c00000|  0%| F|  |TAMS 0x0000000709a00000| PB 0x0000000709a00000| Untracked |  0
|  68|0x0000000709c00000, 0x0000000709c00000, 0x0000000709e00000|  0%| F|  |TAMS 0x0000000709c00000| PB 0x0000000709c00000| Untracked |  0
|  69|0x0000000709e00000, 0x0000000709e00000, 0x000000070a000000|  0%| F|  |TAMS 0x0000000709e00000| PB 0x0000000709e00000| Untracked |  0
|  70|0x000000070a000000, 0x000000070a000000, 0x000000070a200000|  0%| F|  |TAMS 0x000000070a000000| PB 0x000000070a000000| Untracked |  0
|  71|0x000000070a200000, 0x000000070a200000, 0x000000070a400000|  0%| F|  |TAMS 0x000000070a200000| PB 0x000000070a200000| Untracked |  0
|  72|0x000000070a400000, 0x000000070a400000, 0x000000070a600000|  0%| F|  |TAMS 0x000000070a400000| PB 0x000000070a400000| Untracked |  0
|  73|0x000000070a600000, 0x000000070a600000, 0x000000070a800000|  0%| F|  |TAMS 0x000000070a600000| PB 0x000000070a600000| Untracked |  0
|  74|0x000000070a800000, 0x000000070a800000, 0x000000070aa00000|  0%| F|  |TAMS 0x000000070a800000| PB 0x000000070a800000| Untracked |  0
|  75|0x000000070aa00000, 0x000000070aa00000, 0x000000070ac00000|  0%| F|  |TAMS 0x000000070aa00000| PB 0x000000070aa00000| Untracked |  0
|  76|0x000000070ac00000, 0x000000070ac00000, 0x000000070ae00000|  0%| F|  |TAMS 0x000000070ac00000| PB 0x000000070ac00000| Untracked |  0
|  77|0x000000070ae00000, 0x000000070ae00000, 0x000000070b000000|  0%| F|  |TAMS 0x000000070ae00000| PB 0x000000070ae00000| Untracked |  0
|  78|0x000000070b000000, 0x000000070b000000, 0x000000070b200000|  0%| F|  |TAMS 0x000000070b000000| PB 0x000000070b000000| Untracked |  0
|  79|0x000000070b200000, 0x000000070b200000, 0x000000070b400000|  0%| F|  |TAMS 0x000000070b200000| PB 0x000000070b200000| Untracked |  0
|  80|0x000000070b400000, 0x000000070b400000, 0x000000070b600000|  0%| F|  |TAMS 0x000000070b400000| PB 0x000000070b400000| Untracked |  0
|  81|0x000000070b600000, 0x000000070b600000, 0x000000070b800000|  0%| F|  |TAMS 0x000000070b600000| PB 0x000000070b600000| Untracked |  0
|  82|0x000000070b800000, 0x000000070b800000, 0x000000070ba00000|  0%| F|  |TAMS 0x000000070b800000| PB 0x000000070b800000| Untracked |  0
|  83|0x000000070ba00000, 0x000000070ba00000, 0x000000070bc00000|  0%| F|  |TAMS 0x000000070ba00000| PB 0x000000070ba00000| Untracked |  0
|  84|0x000000070bc00000, 0x000000070bc00000, 0x000000070be00000|  0%| F|  |TAMS 0x000000070bc00000| PB 0x000000070bc00000| Untracked |  0
|  85|0x000000070be00000, 0x000000070be00000, 0x000000070c000000|  0%| F|  |TAMS 0x000000070be00000| PB 0x000000070be00000| Untracked |  0
|  86|0x000000070c000000, 0x000000070c000000, 0x000000070c200000|  0%| F|  |TAMS 0x000000070c000000| PB 0x000000070c000000| Untracked |  0
|  87|0x000000070c200000, 0x000000070c200000, 0x000000070c400000|  0%| F|  |TAMS 0x000000070c200000| PB 0x000000070c200000| Untracked |  0
|  88|0x000000070c400000, 0x000000070c400000, 0x000000070c600000|  0%| F|  |TAMS 0x000000070c400000| PB 0x000000070c400000| Untracked |  0
|  89|0x000000070c600000, 0x000000070c600000, 0x000000070c800000|  0%| F|  |TAMS 0x000000070c600000| PB 0x000000070c600000| Untracked |  0
|  90|0x000000070c800000, 0x000000070c800000, 0x000000070ca00000|  0%| F|  |TAMS 0x000000070c800000| PB 0x000000070c800000| Untracked |  0
|  91|0x000000070ca00000, 0x000000070ca00000, 0x000000070cc00000|  0%| F|  |TAMS 0x000000070ca00000| PB 0x000000070ca00000| Untracked |  0
|  92|0x000000070cc00000, 0x000000070cc00000, 0x000000070ce00000|  0%| F|  |TAMS 0x000000070cc00000| PB 0x000000070cc00000| Untracked |  0
|  93|0x000000070ce00000, 0x000000070ce00000, 0x000000070d000000|  0%| F|  |TAMS 0x000000070ce00000| PB 0x000000070ce00000| Untracked |  0
|  94|0x000000070d000000, 0x000000070d000000, 0x000000070d200000|  0%| F|  |TAMS 0x000000070d000000| PB 0x000000070d000000| Untracked |  0
|  95|0x000000070d200000, 0x000000070d200000, 0x000000070d400000|  0%| F|  |TAMS 0x000000070d200000| PB 0x000000070d200000| Untracked |  0
|  96|0x000000070d400000, 0x000000070d400000, 0x000000070d600000|  0%| F|  |TAMS 0x000000070d400000| PB 0x000000070d400000| Untracked |  0
|  97|0x000000070d600000, 0x000000070d600000, 0x000000070d800000|  0%| F|  |TAMS 0x000000070d600000| PB 0x000000070d600000| Untracked |  0
|  98|0x000000070d800000, 0x000000070d800000, 0x000000070da00000|  0%| F|  |TAMS 0x000000070d800000| PB 0x000000070d800000| Untracked |  0
|  99|0x000000070da00000, 0x000000070da00000, 0x000000070dc00000|  0%| F|  |TAMS 0x000000070da00000| PB 0x000000070da00000| Untracked |  0
| 100|0x000000070dc00000, 0x000000070dc00000, 0x000000070de00000|  0%| F|  |TAMS 0x000000070dc00000| PB 0x000000070dc00000| Untracked |  0
| 101|0x000000070de00000, 0x000000070de00000, 0x000000070e000000|  0%| F|  |TAMS 0x000000070de00000| PB 0x000000070de00000| Untracked |  0
| 102|0x000000070e000000, 0x000000070e000000, 0x000000070e200000|  0%| F|  |TAMS 0x000000070e000000| PB 0x000000070e000000| Untracked |  0
| 103|0x000000070e200000, 0x000000070e200000, 0x000000070e400000|  0%| F|  |TAMS 0x000000070e200000| PB 0x000000070e200000| Untracked |  0
| 104|0x000000070e400000, 0x000000070e400000, 0x000000070e600000|  0%| F|  |TAMS 0x000000070e400000| PB 0x000000070e400000| Untracked |  0
| 105|0x000000070e600000, 0x000000070e600000, 0x000000070e800000|  0%| F|  |TAMS 0x000000070e600000| PB 0x000000070e600000| Untracked |  0
| 106|0x000000070e800000, 0x000000070e800000, 0x000000070ea00000|  0%| F|  |TAMS 0x000000070e800000| PB 0x000000070e800000| Untracked |  0
| 107|0x000000070ea00000, 0x000000070ea00000, 0x000000070ec00000|  0%| F|  |TAMS 0x000000070ea00000| PB 0x000000070ea00000| Untracked |  0
| 108|0x000000070ec00000, 0x000000070ec00000, 0x000000070ee00000|  0%| F|  |TAMS 0x000000070ec00000| PB 0x000000070ec00000| Untracked |  0
| 109|0x000000070ee00000, 0x000000070ee00000, 0x000000070f000000|  0%| F|  |TAMS 0x000000070ee00000| PB 0x000000070ee00000| Untracked |  0
| 110|0x000000070f000000, 0x000000070f000000, 0x000000070f200000|  0%| F|  |TAMS 0x000000070f000000| PB 0x000000070f000000| Untracked |  0
| 111|0x000000070f200000, 0x000000070f200000, 0x000000070f400000|  0%| F|  |TAMS 0x000000070f200000| PB 0x000000070f200000| Untracked |  0
| 112|0x000000070f400000, 0x000000070f400000, 0x000000070f600000|  0%| F|  |TAMS 0x000000070f400000| PB 0x000000070f400000| Untracked |  0
| 113|0x000000070f600000, 0x000000070f600000, 0x000000070f800000|  0%| F|  |TAMS 0x000000070f600000| PB 0x000000070f600000| Untracked |  0
| 114|0x000000070f800000, 0x000000070f800000, 0x000000070fa00000|  0%| F|  |TAMS 0x000000070f800000| PB 0x000000070f800000| Untracked |  0
| 115|0x000000070fa00000, 0x000000070fa00000, 0x000000070fc00000|  0%| F|  |TAMS 0x000000070fa00000| PB 0x000000070fa00000| Untracked |  0
| 116|0x000000070fc00000, 0x000000070fc00000, 0x000000070fe00000|  0%| F|  |TAMS 0x000000070fc00000| PB 0x000000070fc00000| Untracked |  0
| 117|0x000000070fe00000, 0x000000070fe00000, 0x0000000710000000|  0%| F|  |TAMS 0x000000070fe00000| PB 0x000000070fe00000| Untracked |  0
| 118|0x0000000710000000, 0x0000000710000000, 0x0000000710200000|  0%| F|  |TAMS 0x0000000710000000| PB 0x0000000710000000| Untracked |  0
| 119|0x0000000710200000, 0x0000000710200000, 0x0000000710400000|  0%| F|  |TAMS 0x0000000710200000| PB 0x0000000710200000| Untracked |  0
| 120|0x0000000710400000, 0x0000000710400000, 0x0000000710600000|  0%| F|  |TAMS 0x0000000710400000| PB 0x0000000710400000| Untracked |  0
| 121|0x0000000710600000, 0x0000000710600000, 0x0000000710800000|  0%| F|  |TAMS 0x0000000710600000| PB 0x0000000710600000| Untracked |  0
| 122|0x0000000710800000, 0x0000000710800000, 0x0000000710a00000|  0%| F|  |TAMS 0x0000000710800000| PB 0x0000000710800000| Untracked |  0
| 123|0x0000000710a00000, 0x0000000710a00000, 0x0000000710c00000|  0%| F|  |TAMS 0x0000000710a00000| PB 0x0000000710a00000| Untracked |  0
| 124|0x0000000710c00000, 0x0000000710c00000, 0x0000000710e00000|  0%| F|  |TAMS 0x0000000710c00000| PB 0x0000000710c00000| Untracked |  0
| 125|0x0000000710e00000, 0x0000000710fff7b0, 0x0000000711000000| 99%| E|  |TAMS 0x0000000710e00000| PB 0x0000000710e00000| Complete |  0
| 126|0x0000000711000000, 0x0000000711200000, 0x0000000711200000|100%| E|CS|TAMS 0x0000000711000000| PB 0x0000000711000000| Complete |  0
| 127|0x0000000711200000, 0x0000000711400000, 0x0000000711400000|100%| E|CS|TAMS 0x0000000711200000| PB 0x0000000711200000| Complete |  0

Card table byte_map: [0x000002ec47070000,0x000002ec47870000] _byte_map_base: 0x000002ec43866000

Marking Bits: (CMBitMap*) 0x000002ec2f24bb80
 Bits: [0x000002ec47870000, 0x000002ec4b820000)

Polling page: 0x000002ec2d370000

Metaspace:

Usage:
  Non-class:      1.97 MB used.
      Class:    171.39 KB used.
       Both:      2.14 MB used.

Virtual space:
  Non-class space:       64.00 MB reserved,       2.00 MB (  3%) committed,  1 nodes.
      Class space:        1.00 GB reserved,     256.00 KB ( <1%) committed,  1 nodes.
             Both:        1.06 GB reserved,       2.25 MB ( <1%) committed. 

Chunk freelists:
   Non-Class:  11.25 MB
       Class:  15.67 MB
        Both:  26.92 MB

MaxMetaspaceSize: unlimited
CompressedClassSpaceSize: 1.00 GB
Initial GC threshold: 21.00 MB
Current GC threshold: 21.00 MB
CDS: on
 - commit_granule_bytes: 65536.
 - commit_granule_words: 8192.
 - virtual_space_node_default_size: 8388608.
 - enlarge_chunks_in_place: 1.
 - use_allocation_guard: 0.


Internal statistics:

num_allocs_failed_limit: 0.
num_arena_births: 62.
num_arena_deaths: 0.
num_vsnodes_births: 2.
num_vsnodes_deaths: 0.
num_space_committed: 36.
num_space_uncommitted: 0.
num_chunks_returned_to_freelist: 0.
num_chunks_taken_from_freelist: 110.
num_chunk_merges: 0.
num_chunk_splits: 67.
num_chunks_enlarged: 38.
num_inconsistent_stats: 0.

CodeHeap 'non-profiled nmethods': size=120000Kb used=145Kb max_used=145Kb free=119854Kb
 bounds [0x000002ec3f010000, 0x000002ec3f280000, 0x000002ec46540000]
CodeHeap 'profiled nmethods': size=120000Kb used=673Kb max_used=673Kb free=119326Kb
 bounds [0x000002ec37540000, 0x000002ec377b0000, 0x000002ec3ea70000]
CodeHeap 'non-nmethods': size=5760Kb used=1372Kb max_used=1386Kb free=4387Kb
 bounds [0x000002ec3ea70000, 0x000002ec3ece0000, 0x000002ec3f010000]
 total_blobs=952 nmethods=478 adapters=379
 compilation: enabled
              stopped_count=0, restarted_count=0
 full_count=0

Compilation events (20 events):
Event: 0.259 Thread 0x000002ec4e26f6a0  468       1       java.net.URL::getRef (5 bytes)
Event: 0.259 Thread 0x000002ec4e26f6a0 nmethod 468 0x000002ec3f033910 code [0x000002ec3f033aa0, 0x000002ec3f033b70]
Event: 0.260 Thread 0x000002ec4e26f6a0  469       3       java.lang.CharacterDataLatin1::equalsIgnoreCase (63 bytes)
Event: 0.260 Thread 0x000002ec4e26f6a0 nmethod 469 0x000002ec375e6190 code [0x000002ec375e6340, 0x000002ec375e6608]
Event: 0.260 Thread 0x000002ec4e26f6a0  470       1       java.security.CodeSource::getLocationNoFragString (5 bytes)
Event: 0.260 Thread 0x000002ec4e26f6a0 nmethod 470 0x000002ec3f033c10 code [0x000002ec3f033da0, 0x000002ec3f033e70]
Event: 0.260 Thread 0x000002ec4e26f6a0  471   !   3       jdk.internal.loader.URLClassPath$JarLoader::ensureOpen (36 bytes)
Event: 0.260 Thread 0x000002ec4e26f6a0 nmethod 471 0x000002ec375e6690 code [0x000002ec375e6880, 0x000002ec375e6f68]
Event: 0.260 Thread 0x000002ec4e26f6a0  472       3       java.lang.Integer::toUnsignedLong (7 bytes)
Event: 0.261 Thread 0x000002ec4e26f6a0 nmethod 472 0x000002ec375e7190 code [0x000002ec375e7320, 0x000002ec375e7420]
Event: 0.261 Thread 0x000002ec4e26f6a0  474       3       sun.misc.Unsafe::putLong (11 bytes)
Event: 0.261 Thread 0x000002ec4e26ebf0  476       4       java.lang.Integer::toUnsignedLong (7 bytes)
Event: 0.261 Thread 0x000002ec4e26f6a0 nmethod 474 0x000002ec375e7490 code [0x000002ec375e7620, 0x000002ec375e7730]
Event: 0.261 Thread 0x000002ec4e26f6a0  475       3       org.lwjgl.system.MemoryUtil::memPutAddress (29 bytes)
Event: 0.261 Thread 0x000002ec4e26f6a0 nmethod 475 0x000002ec375e7810 code [0x000002ec375e79c0, 0x000002ec375e7bb8]
Event: 0.261 Thread 0x000002ec4e26ebf0 nmethod 476 0x000002ec3f034310 code [0x000002ec3f034480, 0x000002ec3f0344e8]
Event: 0.261 Thread 0x000002ec4e26f6a0  477       3       java.lang.StringBuilder::append (8 bytes)
Event: 0.261 Thread 0x000002ec4e26f6a0 nmethod 477 0x000002ec375e7c90 code [0x000002ec375e7e40, 0x000002ec375e7f90]
Event: 0.261 Thread 0x000002ec4e26f6a0  478       3       java.lang.AbstractStringBuilder::append (55 bytes)
Event: 0.261 Thread 0x000002ec4e26f6a0 nmethod 478 0x000002ec375e8010 code [0x000002ec375e8200, 0x000002ec375e8550]

GC Heap History (0 events):
No events

Dll operation events (8 events):
Event: 0.008 Loaded shared library C:\Program Files\Java\jdk-22\bin\java.dll
Event: 0.037 Loaded shared library C:\Program Files\Java\jdk-22\bin\jsvml.dll
Event: 0.062 Loaded shared library C:\Program Files\Java\jdk-22\bin\net.dll
Event: 0.064 Loaded shared library C:\Program Files\Java\jdk-22\bin\nio.dll
Event: 0.068 Loaded shared library C:\Program Files\Java\jdk-22\bin\zip.dll
Event: 0.123 Loaded shared library C:\Program Files\Java\jdk-22\bin\jimage.dll
Event: 0.153 Loaded shared library C:\Users\fing.labcom\AppData\Local\Temp\lwjgl_fing.labcom\3.3.4+7\x64\lwjgl.dll
Event: 0.215 Loaded shared library C:\Users\fing.labcom\AppData\Local\Temp\lwjgl_fing.labcom\3.3.4+7\x64\lwjgl_opengl.dll

Deoptimization events (20 events):
Event: 0.225 Thread 0x000002ec2d1018e0 DEOPT PACKING pc=0x000002ec375ba825 sp=0x000000f92b8fd690
Event: 0.225 Thread 0x000002ec2d1018e0 DEOPT UNPACKING pc=0x000002ec3eac4e42 sp=0x000000f92b8fcb28 mode 0
Event: 0.225 Thread 0x000002ec2d1018e0 DEOPT PACKING pc=0x000002ec375ba825 sp=0x000000f92b8fd690
Event: 0.225 Thread 0x000002ec2d1018e0 DEOPT UNPACKING pc=0x000002ec3eac4e42 sp=0x000000f92b8fcb28 mode 0
Event: 0.225 Thread 0x000002ec2d1018e0 DEOPT PACKING pc=0x000002ec375ba825 sp=0x000000f92b8fd690
Event: 0.225 Thread 0x000002ec2d1018e0 DEOPT UNPACKING pc=0x000002ec3eac4e42 sp=0x000000f92b8fcb28 mode 0
Event: 0.225 Thread 0x000002ec2d1018e0 DEOPT PACKING pc=0x000002ec375ba825 sp=0x000000f92b8fd690
Event: 0.225 Thread 0x000002ec2d1018e0 DEOPT UNPACKING pc=0x000002ec3eac4e42 sp=0x000000f92b8fcb28 mode 0
Event: 0.225 Thread 0x000002ec2d1018e0 DEOPT PACKING pc=0x000002ec375ba825 sp=0x000000f92b8fd690
Event: 0.225 Thread 0x000002ec2d1018e0 DEOPT UNPACKING pc=0x000002ec3eac4e42 sp=0x000000f92b8fcb28 mode 0
Event: 0.226 Thread 0x000002ec2d1018e0 DEOPT PACKING pc=0x000002ec375ba9fa sp=0x000000f92b8fd690
Event: 0.226 Thread 0x000002ec2d1018e0 DEOPT UNPACKING pc=0x000002ec3eac4e42 sp=0x000000f92b8fcb28 mode 0
Event: 0.226 Thread 0x000002ec2d1018e0 DEOPT PACKING pc=0x000002ec375ba825 sp=0x000000f92b8fd690
Event: 0.226 Thread 0x000002ec2d1018e0 DEOPT UNPACKING pc=0x000002ec3eac4e42 sp=0x000000f92b8fcb28 mode 0
Event: 0.226 Thread 0x000002ec2d1018e0 DEOPT PACKING pc=0x000002ec375ba825 sp=0x000000f92b8fd690
Event: 0.226 Thread 0x000002ec2d1018e0 DEOPT UNPACKING pc=0x000002ec3eac4e42 sp=0x000000f92b8fcb28 mode 0
Event: 0.226 Thread 0x000002ec2d1018e0 DEOPT PACKING pc=0x000002ec375ba825 sp=0x000000f92b8fd690
Event: 0.226 Thread 0x000002ec2d1018e0 DEOPT UNPACKING pc=0x000002ec3eac4e42 sp=0x000000f92b8fcb28 mode 0
Event: 0.257 Thread 0x000002ec2d1018e0 DEOPT PACKING pc=0x000002ec3755b0fc sp=0x000000f92b8fbad0
Event: 0.257 Thread 0x000002ec2d1018e0 DEOPT UNPACKING pc=0x000002ec3eac4e42 sp=0x000000f92b8faef0 mode 0

Classes loaded (20 events):
Event: 0.234 Loading class java/nio/DirectFloatBufferU
Event: 0.234 Loading class java/nio/DirectFloatBufferU done
Event: 0.235 Loading class java/nio/DirectDoubleBufferU
Event: 0.235 Loading class java/nio/DirectDoubleBufferU done
Event: 0.235 Loading class sun/misc/Unsafe
Event: 0.235 Loading class sun/misc/Unsafe done
Event: 0.236 Loading class java/lang/invoke/DirectMethodHandle$StaticAccessor
Event: 0.236 Loading class java/lang/invoke/DirectMethodHandle$StaticAccessor done
Event: 0.238 Loading class java/util/function/LongPredicate
Event: 0.238 Loading class java/util/function/LongPredicate done
Event: 0.240 Loading class java/lang/foreign/MemorySegment
Event: 0.240 Loading class java/lang/foreign/MemorySegment done
Event: 0.245 Loading class java/nio/InvalidMarkException
Event: 0.245 Loading class java/nio/InvalidMarkException done
Event: 0.245 Loading class java/nio/BufferUnderflowException
Event: 0.245 Loading class java/nio/BufferUnderflowException done
Event: 0.251 Loading class java/lang/IndexOutOfBoundsException
Event: 0.251 Loading class java/lang/IndexOutOfBoundsException done
Event: 0.258 Loading class java/util/Formatter$FixedString
Event: 0.258 Loading class java/util/Formatter$FixedString done

Classes unloaded (0 events):
No events

Classes redefined (0 events):
No events

Internal exceptions (20 events):
Event: 0.130 Thread 0x000002ec2d1018e0 Exception <a 'sun/nio/fs/WindowsException'{0x0000000710e0f3e8}> (0x0000000710e0f3e8) 
thrown [s\open\src\hotspot\share\prims\jni.cpp, line 520]
Event: 0.130 Thread 0x000002ec2d1018e0 Exception <a 'sun/nio/fs/WindowsException'{0x0000000710e0f810}> (0x0000000710e0f810) 
thrown [s\open\src\hotspot\share\prims\jni.cpp, line 520]
Event: 0.136 Thread 0x000002ec2d1018e0 Exception <a 'sun/nio/fs/WindowsException'{0x0000000710e12c70}> (0x0000000710e12c70) 
thrown [s\open\src\hotspot\share\prims\jni.cpp, line 520]
Event: 0.140 Thread 0x000002ec2d1018e0 Exception <a 'sun/nio/fs/WindowsException'{0x0000000710e2e8c0}> (0x0000000710e2e8c0) 
thrown [s\open\src\hotspot\share\prims\jni.cpp, line 520]
Event: 0.143 Thread 0x000002ec2d1018e0 Exception <a 'sun/nio/fs/WindowsException'{0x0000000710e36298}> (0x0000000710e36298) 
thrown [s\open\src\hotspot\share\prims\jni.cpp, line 520]
Event: 0.158 Thread 0x000002ec2d1018e0 Exception <a 'sun/nio/fs/WindowsException'{0x0000000710e43c40}> (0x0000000710e43c40) 
thrown [s\open\src\hotspot\share\prims\jni.cpp, line 520]
Event: 0.158 Thread 0x000002ec2d1018e0 Exception <a 'sun/nio/fs/WindowsException'{0x0000000710e441b0}> (0x0000000710e441b0) 
thrown [s\open\src\hotspot\share\prims\jni.cpp, line 520]
Event: 0.207 Thread 0x000002ec2d1018e0 Exception <a 'sun/nio/fs/WindowsException'{0x0000000710e96a20}> (0x0000000710e96a20) 
thrown [s\open\src\hotspot\share\prims\jni.cpp, line 520]
Event: 0.207 Thread 0x000002ec2d1018e0 Exception <a 'sun/nio/fs/WindowsException'{0x0000000710e970b0}> (0x0000000710e970b0) 
thrown [s\open\src\hotspot\share\prims\jni.cpp, line 520]
Event: 0.208 Thread 0x000002ec2d1018e0 Exception <a 'sun/nio/fs/WindowsException'{0x0000000710e9ddd0}> (0x0000000710e9ddd0) 
thrown [s\open\src\hotspot\share\prims\jni.cpp, line 520]
Event: 0.212 Thread 0x000002ec2d1018e0 Exception <a 'sun/nio/fs/WindowsException'{0x0000000710ea2b80}> (0x0000000710ea2b80) 
thrown [s\open\src\hotspot\share\prims\jni.cpp, line 520]
Event: 0.212 Thread 0x000002ec2d1018e0 Exception <a 'sun/nio/fs/WindowsException'{0x0000000710ea2f60}> (0x0000000710ea2f60) 
thrown [s\open\src\hotspot\share\prims\jni.cpp, line 520]
Event: 0.227 Thread 0x000002ec2d1018e0 Exception <a 'sun/nio/fs/WindowsException'{0x0000000710eab708}> (0x0000000710eab708) 
thrown [s\open\src\hotspot\share\prims\jni.cpp, line 520]
Event: 0.227 Thread 0x000002ec2d1018e0 Exception <a 'sun/nio/fs/WindowsException'{0x0000000710eaba28}> (0x0000000710eaba28) 
thrown [s\open\src\hotspot\share\prims\jni.cpp, line 520]
Event: 0.239 Thread 0x000002ec2d1018e0 Exception <a 'java/lang/NoSuchMethodError'{0x0000000710efa180}: 'int java.lang.invoke.DirectMethodHandle$Holder.invokeStaticInit(java.lang.Object, java.lang.Object, int, long)'> (0x0000000710efa180) 
thrown [s\open\src\hotspot\share\interpreter\linkResolver.cpp, line 774]
Event: 0.240 Thread 0x000002ec2d1018e0 Exception <a 'java/lang/NoSuchMethodError'{0x0000000710eff288}: 'java.lang.Object java.lang.invoke.DirectMethodHandle$Holder.newInvokeSpecial(java.lang.Object, java.lang.Object, int)'> (0x0000000710eff288) 
thrown [s\open\src\hotspot\share\interpreter\linkResolver.cpp, line 774]
Event: 0.242 Thread 0x000002ec2d1018e0 Exception <a 'java/lang/NoSuchMethodError'{0x0000000710f0e228}: 'int java.lang.invoke.DirectMethodHandle$Holder.invokeStaticInit(java.lang.Object, java.lang.Object, long, long)'> (0x0000000710f0e228) 
thrown [s\open\src\hotspot\share\interpreter\linkResolver.cpp, line 774]
Event: 0.242 Thread 0x000002ec2d1018e0 Exception <a 'java/lang/NoSuchMethodError'{0x0000000710f13cb0}: 'java.lang.Object java.lang.invoke.DirectMethodHandle$Holder.newInvokeSpecial(java.lang.Object, java.lang.Object, long)'> (0x0000000710f13cb0) 
thrown [s\open\src\hotspot\share\interpreter\linkResolver.cpp, line 774]
Event: 0.243 Thread 0x000002ec2d1018e0 Exception <a 'java/lang/NoSuchMethodError'{0x0000000710f17e08}: 'java.lang.Object java.lang.invoke.Invokers$Holder.linkToTargetMethod(java.lang.Object, long, java.lang.Object)'> (0x0000000710f17e08) 
thrown [s\open\src\hotspot\share\interpreter\linkResolver.cpp, line 774]
Event: 0.244 Thread 0x000002ec2d1018e0 Exception <a 'java/lang/NoSuchMethodError'{0x0000000710f1f068}: 'int java.lang.invoke.DirectMethodHandle$Holder.invokeStaticInit(java.lang.Object, java.lang.Object, java.lang.Object, long)'> (0x0000000710f1f068) 
thrown [s\open\src\hotspot\share\interpreter\linkResolver.cpp, line 774]

ZGC Phase Switch (0 events):
No events

VM Operations (2 events):
Event: 0.069 Executing VM operation: HandshakeAllThreads (Deoptimize)
Event: 0.069 Executing VM operation: HandshakeAllThreads (Deoptimize) done

Memory protections (0 events):
No events

Nmethod flushes (0 events):
No events

Events (12 events):
Event: 0.023 Thread 0x000002ec2d1018e0 Thread added: 0x000002ec2d1018e0
Event: 0.034 Thread 0x000002ec2d1018e0 Thread added: 0x000002ec4e25a050
Event: 0.034 Thread 0x000002ec2d1018e0 Thread added: 0x000002ec4e260190
Event: 0.035 Thread 0x000002ec2d1018e0 Thread added: 0x000002ec4e266420
Event: 0.035 Thread 0x000002ec2d1018e0 Thread added: 0x000002ec4e266e80
Event: 0.035 Thread 0x000002ec2d1018e0 Thread added: 0x000002ec4e2678e0
Event: 0.035 Thread 0x000002ec2d1018e0 Thread added: 0x000002ec4e26d850
Event: 0.035 Thread 0x000002ec2d1018e0 Thread added: 0x000002ec4e26ebf0
Event: 0.035 Thread 0x000002ec2d1018e0 Thread added: 0x000002ec4e26f6a0
Event: 0.055 Thread 0x000002ec2d1018e0 Thread added: 0x000002ec4e5245a0
Event: 0.058 Thread 0x000002ec2d1018e0 Thread added: 0x000002ec4e524c30
Event: 0.206 Thread 0x000002ec4e26f6a0 Thread added: 0x000002ec4e7b2fd0


Dynamic libraries:
0x00007ff6c5a50000 - 0x00007ff6c5a60000 	C:\Program Files\Java\jdk-22\bin\java.exe
0x00007ffcecd50000 - 0x00007ffcecf48000 	C:\Windows\SYSTEM32\ntdll.dll
0x00007ffceca00000 - 0x00007ffcecac2000 	C:\Windows\System32\KERNEL32.DLL
0x00007ffceaa70000 - 0x00007ffcead6e000 	C:\Windows\System32\KERNELBASE.dll
0x00007ffcea5d0000 - 0x00007ffcea6d0000 	C:\Windows\System32\ucrtbase.dll
0x00007ffccdbb0000 - 0x00007ffccdbcb000 	C:\Program Files\Java\jdk-22\bin\VCRUNTIME140.dll
0x00007ffce7170000 - 0x00007ffce7187000 	C:\Program Files\Java\jdk-22\bin\jli.dll
0x00007ffcecb50000 - 0x00007ffcecced000 	C:\Windows\System32\USER32.dll
0x00007ffcd7070000 - 0x00007ffcd730a000 	C:\Windows\WinSxS\amd64_microsoft.windows.common-controls_6595b64144ccf1df_6.0.19041.4355_none_60b8b9eb71f62e16\COMCTL32.dll
0x00007ffcea770000 - 0x00007ffcea792000 	C:\Windows\System32\win32u.dll
0x00007ffcec5e0000 - 0x00007ffcec60b000 	C:\Windows\System32\GDI32.dll
0x00007ffcec610000 - 0x00007ffcec6ae000 	C:\Windows\System32\msvcrt.dll
0x00007ffcea4b0000 - 0x00007ffcea5c7000 	C:\Windows\System32\gdi32full.dll
0x00007ffcea6d0000 - 0x00007ffcea76d000 	C:\Windows\System32\msvcp_win.dll
0x00007ffcec750000 - 0x00007ffcec77f000 	C:\Windows\System32\IMM32.DLL
0x00007ffcc9cf0000 - 0x00007ffcc9cfc000 	C:\Program Files\Java\jdk-22\bin\vcruntime140_1.dll
0x00007ffcc7790000 - 0x00007ffcc781e000 	C:\Program Files\Java\jdk-22\bin\msvcp140.dll
0x00007ffc68710000 - 0x00007ffc69459000 	C:\Program Files\Java\jdk-22\bin\server\jvm.dll
0x00007ffceb260000 - 0x00007ffceb312000 	C:\Windows\System32\ADVAPI32.dll
0x00007ffcec6b0000 - 0x00007ffcec750000 	C:\Windows\System32\sechost.dll
0x00007ffcec440000 - 0x00007ffcec563000 	C:\Windows\System32\RPCRT4.dll
0x00007ffcea480000 - 0x00007ffcea4a7000 	C:\Windows\System32\bcrypt.dll
0x00007ffcec990000 - 0x00007ffcec9fb000 	C:\Windows\System32\WS2_32.dll
0x00007ffcea250000 - 0x00007ffcea29b000 	C:\Windows\SYSTEM32\POWRPROF.dll
0x00007ffcc5b60000 - 0x00007ffcc5b87000 	C:\Windows\SYSTEM32\WINMM.dll
0x00007ffce6c60000 - 0x00007ffce6c6a000 	C:\Windows\SYSTEM32\VERSION.dll
0x00007ffcea230000 - 0x00007ffcea242000 	C:\Windows\SYSTEM32\UMPDC.dll
0x00007ffce8070000 - 0x00007ffce8082000 	C:\Windows\SYSTEM32\kernel.appcore.dll
0x00007ffcc8770000 - 0x00007ffcc877a000 	C:\Program Files\Java\jdk-22\bin\jimage.dll
0x00007ffcdadf0000 - 0x00007ffcdafd4000 	C:\Windows\SYSTEM32\DBGHELP.DLL
0x00007ffcdaaf0000 - 0x00007ffcdab24000 	C:\Windows\SYSTEM32\dbgcore.DLL
0x00007ffcea3f0000 - 0x00007ffcea472000 	C:\Windows\System32\bcryptPrimitives.dll
0x00007ffcc8000000 - 0x00007ffcc801e000 	C:\Program Files\Java\jdk-22\bin\java.dll
0x00007ffceb990000 - 0x00007ffcec0ff000 	C:\Windows\System32\SHELL32.dll
0x00007ffceadd0000 - 0x00007ffceaefb000 	C:\Windows\System32\ole32.dll
0x00007ffceaf00000 - 0x00007ffceb253000 	C:\Windows\System32\combase.dll
0x00007ffce8270000 - 0x00007ffce8a14000 	C:\Windows\SYSTEM32\windows.storage.dll
0x00007ffce9c70000 - 0x00007ffce9c9e000 	C:\Windows\SYSTEM32\Wldp.dll
0x00007ffcec780000 - 0x00007ffcec84d000 	C:\Windows\System32\OLEAUT32.dll
0x00007ffcec850000 - 0x00007ffcec8fd000 	C:\Windows\System32\SHCORE.dll
0x00007ffcead70000 - 0x00007ffceadc5000 	C:\Windows\System32\shlwapi.dll
0x00007ffcea320000 - 0x00007ffcea344000 	C:\Windows\SYSTEM32\profapi.dll
0x00007ffcc76b0000 - 0x00007ffcc7787000 	C:\Program Files\Java\jdk-22\bin\jsvml.dll
0x00007ffcc8760000 - 0x00007ffcc8770000 	C:\Program Files\Java\jdk-22\bin\net.dll
0x00007ffce9a50000 - 0x00007ffce9aba000 	C:\Windows\system32\mswsock.dll
0x00007ffcc7690000 - 0x00007ffcc76a6000 	C:\Program Files\Java\jdk-22\bin\nio.dll
0x00007ffcc7670000 - 0x00007ffcc7687000 	C:\Program Files\Java\jdk-22\bin\zip.dll
0x00007ffcd6370000 - 0x00007ffcd63eb000 	C:\Users\fing.labcom\AppData\Local\Temp\lwjgl_fing.labcom\3.3.4+7\x64\lwjgl.dll
0x00007ffcd6300000 - 0x00007ffcd6361000 	C:\Users\fing.labcom\AppData\Local\Temp\lwjgl_fing.labcom\3.3.4+7\x64\lwjgl_opengl.dll
0x00007ffcbc350000 - 0x00007ffcbc478000 	C:\Windows\SYSTEM32\opengl32.dll
0x00007ffcbc270000 - 0x00007ffcbc29c000 	C:\Windows\SYSTEM32\GLU32.dll

dbghelp: loaded successfully - version: 4.0.5 - missing functions: none
symbol engine: initialized successfully - sym options: 0x614 - pdb path: .;C:\Program Files\Java\jdk-22\bin;C:\Windows\SYSTEM32;C:\Windows\WinSxS\amd64_microsoft.windows.common-controls_6595b64144ccf1df_6.0.19041.4355_none_60b8b9eb71f62e16;C:\Program Files\Java\jdk-22\bin\server;C:\Users\fing.labcom\AppData\Local\Temp\lwjgl_fing.labcom\3.3.4+7\x64

VM Arguments:
jvm_args: -Dfile.encoding=UTF-8 -Duser.country=EC -Duser.language=es -Duser.variant 
java_command: com.programacion.EjemploMain
java_class_path (initial): C:\Users\fing.labcom\IdeaProjects\ProyectoJava\ejemplo01\build\classes\java\main;C:\Users\fing.labcom\IdeaProjects\ProyectoJava\ejemplo01\build\resources\main;C:\Users\fing.labcom\.gradle\caches\modules-2\files-2.1\org.lwjgl\lwjgl-glfw\3.3.4\7e46ecdec85db8738053cfde1414352cd62dab74\lwjgl-glfw-3.3.4.jar;C:\Users\fing.labcom\.gradle\caches\modules-2\files-2.1\org.lwjgl\lwjgl-glfw\3.3.4\370ef92d15819a123c643dd2b0fc3a2d40bb263c\lwjgl-glfw-3.3.4-natives-windows.jar;C:\Users\fing.labcom\.gradle\caches\modules-2\files-2.1\org.lwjgl\lwjgl-opengl\3.3.4\2852ac7d9f6fc71349f1ce28e2708ff1977f18af\lwjgl-opengl-3.3.4.jar;C:\Users\fing.labcom\.gradle\caches\modules-2\files-2.1\org.lwjgl\lwjgl-opengl\3.3.4\f7ca4e75573a9ce83075bd86bc8a3e49ff106696\lwjgl-opengl-3.3.4-natives-windows.jar;C:\Users\fing.labcom\.gradle\caches\modules-2\files-2.1\org.lwjgl\lwjgl\3.3.4\b86c3e4832426e8a6b466013b7cb34b40e9ce956\lwjgl-3.3.4.jar;C:\Users\fing.labcom\.gradle\caches\modules-2\files-2.1\org.lwjgl\lwjgl\3.3.4\dd0927c1348cdcd9573fa24b7278ec1ac2bb0a76\lwjgl-3.3.4-natives-windows.jar
Launcher Type: SUN_STANDARD

[Global flags]
     intx CICompilerCount                          = 4                                         {product} {ergonomic}
     uint ConcGCThreads                            = 2                                         {product} {ergonomic}
     uint G1ConcRefinementThreads                  = 8                                         {product} {ergonomic}
   size_t G1HeapRegionSize                         = 2097152                                   {product} {ergonomic}
   size_t InitialHeapSize                          = 268435456                                 {product} {ergonomic}
   size_t MarkStackSize                            = 4194304                                   {product} {ergonomic}
   size_t MaxHeapSize                              = 4273995776                                {product} {ergonomic}
   size_t MaxNewSize                               = 2562719744                                {product} {ergonomic}
   size_t MinHeapDeltaBytes                        = 2097152                                   {product} {ergonomic}
   size_t MinHeapSize                              = 8388608                                   {product} {ergonomic}
    uintx NonNMethodCodeHeapSize                   = 5839372                                {pd product} {ergonomic}
    uintx NonProfiledCodeHeapSize                  = 122909434                              {pd product} {ergonomic}
    uintx ProfiledCodeHeapSize                     = 122909434                              {pd product} {ergonomic}
    uintx ReservedCodeCacheSize                    = 251658240                              {pd product} {ergonomic}
     bool SegmentedCodeCache                       = true                                      {product} {ergonomic}
   size_t SoftMaxHeapSize                          = 4273995776                             {manageable} {ergonomic}
     bool UseCompressedOops                        = true                           {product lp64_product} {ergonomic}
     bool UseG1GC                                  = true                                      {product} {ergonomic}
     bool UseLargePagesIndividualAllocation        = false                                  {pd product} {ergonomic}

Logging:
Log output configuration:
 #0: stdout all=warning uptime,level,tags foldmultilines=false
 #1: stderr all=off uptime,level,tags foldmultilines=false

Environment Variables:
PATH=C:\Program Files\Microsoft MPI\Bin\;C:\Program Files\Common Files\Oracle\Java\javapath;C:\Windows\system32;C:\Windows;C:\Windows\System32\Wbem;C:\Windows\System32\WindowsPowerShell\v1.0\;C:\Windows\System32\OpenSSH\;C:\Program Files (x86)\Microsoft SQL Server\160\Tools\Binn\;C:\Program Files\Microsoft SQL Server\160\Tools\Binn\;C:\Program Files\Microsoft SQL Server\Client SDK\ODBC\170\Tools\Binn\;C:\Program Files\Microsoft SQL Server\160\DTS\Binn\;C:\Program Files (x86)\Microsoft SQL Server\160\DTS\Binn\;C:\Program Files\Microsoft SQL Server\150\Tools\Binn\;C:\Program Files\dotnet\;C:\Program Files\Git\cmd;C:\Program Files\Docker\Docker\resources\bin;C:\Users\fing.labcom\AppData\Local\Microsoft\WindowsApps;C:\Users\fing.labcom\AppData\Local\Programs\Microsoft VS Code\bin
USERNAME=fing.labcom
OS=Windows_NT
PROCESSOR_IDENTIFIER=Intel64 Family 6 Model 158 Stepping 9, GenuineIntel
TMP=C:\Users\FING~1.LAB\AppData\Local\Temp
TEMP=C:\Users\FING~1.LAB\AppData\Local\Temp




Periodic native trim disabled

---------------  S Y S T E M  ---------------

OS:
 Windows 10 , 64 bit Build 19041 (10.0.19041.4957)
OS uptime: 0 days 0:44 hours
Hyper-V role detected

CPU: total 8 (initial active 8) (4 cores per cpu, 2 threads per core) family 6 model 158 stepping 9 microcode 0xb4, cx8, cmov, fxsr, ht, mmx, 3dnowpref, sse, sse2, sse3, ssse3, sse4.1, sse4.2, popcnt, lzcnt, tsc, tscinvbit, avx, avx2, aes, erms, clmul, bmi1, bmi2, rtm, adx, fma, vzeroupper, clflush, clflushopt, hv, rdtscp, f16c
Processor Information for all 8 processors :
  Max Mhz: 3601, Current Mhz: 3601, Mhz Limit: 3601

Memory: 4k page, system-wide physical 16296M (3570M free)
TotalPageFile size 18728M (AvailPageFile size 3043M)
current process WorkingSet (physical memory assigned to process): 48M, peak: 48M
current process commit charge ("private bytes"): 346M, peak: 347M

vm_info: Java HotSpot(TM) 64-Bit Server VM (22.0.2+9-70) for windows-amd64 JRE (22.0.2+9-70), built on 2024-06-04T16:52:23Z by "mach5one" with MS VC++ 17.6 (VS2022)

END.
